<?xml version="1.0" encoding="UTF-8"?>
<testng-results ignored="0" total="1" passed="1" failed="0" skipped="0">
  <reporter-output>
  </reporter-output>
  <suite started-at="2025-02-18T00:42:06 IST" name="Default suite" finished-at="2025-02-18T00:42:09 IST" duration-ms="3165">
    <groups>
    </groups>
    <test started-at="2025-02-18T00:42:06 IST" name="Default test" finished-at="2025-02-18T00:42:09 IST" duration-ms="3165">
      <class name="myproject.TestngHelper">
        <test-method signature="compareWebDataToDatabaseForBatchedLogins()[pri:0, instance:myproject.TestngHelper@1189dd52]" started-at="2025-02-18T00:42:06 IST" name="compareWebDataToDatabaseForBatchedLogins" finished-at="2025-02-18T00:42:09 IST" duration-ms="3142" status="PASS">
          <reporter-output>
          </reporter-output>
        </test-method> <!-- compareWebDataToDatabaseForBatchedLogins -->
      </class> <!-- myproject.TestngHelper -->
    </test> <!-- Default test -->
  </suite> <!-- Default suite -->
</testng-results>
